2021-02-19 01:48:13,965:INFO:PyCaret Supervised Module
2021-02-19 01:48:13,965:INFO:ML Usecase: regression
2021-02-19 01:48:13,965:INFO:version 2.2.3
2021-02-19 01:48:13,965:INFO:Initializing setup()
2021-02-19 01:48:13,965:INFO:setup(target=target, ml_usecase=regression, available_plots={'parameter': 'Hyperparameters', 'residuals': 'Residuals', 'error': 'Prediction Error', 'cooks': 'Cooks Distance', 'rfe': 'Feature Selection', 'learning': 'Learning Curve', 'manifold': 'Manifold Learning', 'vc': 'Validation Curve', 'feature': 'Feature Importance', 'feature_all': 'Feature Importance (All)', 'tree': 'Decision Tree'}, train_size=0.7, test_data=None, preprocess=True, imputation_type=simple, iterative_imputation_iters=5, categorical_features=None, categorical_imputation=constant, categorical_iterative_imputer=lightgbm, ordinal_features=None, high_cardinality_features=None, high_cardinality_method=frequency, numeric_features=None, numeric_imputation=mean, numeric_iterative_imputer=lightgbm, date_features=None, ignore_features=None, normalize=False, normalize_method=zscore, transformation=False, transformation_method=yeo-johnson, handle_unknown_categorical=True, unknown_categorical_method=least_frequent, pca=False, pca_method=linear, pca_components=None, ignore_low_variance=False, combine_rare_levels=False, rare_level_threshold=0.1, bin_numeric_features=None, remove_outliers=False, outliers_threshold=0.05, remove_multicollinearity=False, multicollinearity_threshold=0.9, remove_perfect_collinearity=True, create_clusters=False, cluster_iter=20, polynomial_features=False, polynomial_degree=2, trigonometry_features=False, polynomial_threshold=0.1, group_features=None, group_names=None, feature_selection=False, feature_selection_threshold=0.8, feature_selection_method=classic, feature_interaction=False, feature_ratio=False, interaction_threshold=0.01, fix_imbalance=False, fix_imbalance_method=None, transform_target=False, transform_target_method=box-cox, data_split_shuffle=True, data_split_stratify=False, fold_strategy=kfold, fold=10, fold_shuffle=False, fold_groups=None, n_jobs=-1, use_gpu=False, custom_pipeline=None, html=True, session_id=123, log_experiment=False, experiment_name=None, log_plots=False, log_profile=False, log_data=False, silent=False, verbose=True, profile=False, profile_kwargs=None, display=None)
2021-02-19 01:48:13,965:INFO:Checking environment
2021-02-19 01:48:13,965:INFO:python_version: 3.7.6
2021-02-19 01:48:13,965:INFO:python_build: ('default', 'Jan  8 2020 13:42:34')
2021-02-19 01:48:13,965:INFO:machine: x86_64
2021-02-19 01:48:13,979:INFO:platform: Darwin-19.6.0-x86_64-i386-64bit
2021-02-19 01:48:13,979:INFO:Memory: svmem(total=17179869184, available=7315664896, percent=57.4, used=9855004672, free=107364352, active=7208726528, inactive=6950006784, wired=2646278144)
2021-02-19 01:48:13,979:INFO:Physical Core: 4
2021-02-19 01:48:13,979:INFO:Logical Core: 8
2021-02-19 01:48:13,979:INFO:Checking libraries
2021-02-19 01:48:13,979:INFO:pd==1.2.0
2021-02-19 01:48:13,979:INFO:numpy==1.19.4
2021-02-19 01:48:13,979:INFO:sklearn==0.23.2
2021-02-19 01:48:14,195:INFO:xgboost==1.3.1
2021-02-19 01:48:14,195:INFO:lightgbm==3.1.1
2021-02-19 01:48:14,308:INFO:catboost==0.24.4
2021-02-19 01:48:15,048:INFO:mlflow==1.13.1
2021-02-19 01:48:15,048:INFO:Checking Exceptions
2021-02-19 01:48:15,048:INFO:Declaring global variables
2021-02-19 01:48:15,048:INFO:USI: 336c
2021-02-19 01:48:15,048:INFO:pycaret_globals: {'fix_imbalance_method_param', 'imputation_regressor', 'pycaret_globals', 'X', 'iterative_imputation_iters_param', 'experiment__', 'fold_generator', 'fix_imbalance_param', 'X_train', '_all_models', 'logging_param', '_internal_pipeline', 'fold_shuffle_param', 'seed', 'stratify_param', 'USI', 'y_test', '_available_plots', 'fold_param', 'y_train', 'fold_groups_param', 'y', '_ml_usecase', 'n_jobs_param', '_gpu_n_jobs_param', 'exp_name_log', 'transform_target_method_param', '_all_metrics', 'transform_target_param', '_all_models_internal', 'create_model_container', 'master_model_container', 'X_test', 'log_plots_param', 'html_param', 'data_before_preprocess', 'target_param', 'prep_pipe', 'gpu_param', 'display_container', 'imputation_classifier'}
2021-02-19 01:48:15,049:INFO:Preparing display monitor
2021-02-19 01:48:15,049:INFO:Preparing display monitor
2021-02-19 01:48:15,064:INFO:Importing libraries
2021-02-19 01:48:15,064:INFO:Copying data for preprocessing
2021-02-19 01:48:15,072:INFO:Declaring preprocessing parameters
2021-02-19 01:48:15,073:INFO:Creating preprocessing pipeline
2021-02-19 01:48:15,083:INFO:Preprocessing pipeline created successfully
2021-02-19 01:48:15,083:ERROR:(Process Exit): setup has been interupted with user command 'quit'. setup must rerun.
2021-02-19 01:48:15,083:INFO:Creating global containers
2021-02-19 01:48:15,085:INFO:Internal pipeline: Pipeline(memory=None, steps=[('empty_step', 'passthrough')], verbose=False)
2021-02-19 01:48:22,472:INFO:Creating grid variables
2021-02-19 01:48:22,489:INFO:create_model_container: 0
2021-02-19 01:48:22,489:INFO:master_model_container: 0
2021-02-19 01:48:22,489:INFO:display_container: 1
2021-02-19 01:48:22,495:INFO:Pipeline(memory=None,
         steps=[('dtypes',
                 DataTypes_Auto_infer(categorical_features=[],
                                      display_types=True, features_todrop=[],
                                      id_columns=[], ml_usecase='regression',
                                      numerical_features=[], target='target',
                                      time_features=[])),
                ('imputer',
                 Simple_Imputer(categorical_strategy='not_available',
                                fill_value_categorical=None,
                                fill_value_numerical=None,
                                numeric_strategy=...
                ('scaling', 'passthrough'), ('P_transform', 'passthrough'),
                ('binn', 'passthrough'), ('rem_outliers', 'passthrough'),
                ('cluster_all', 'passthrough'),
                ('dummy', Dummify(target='target')),
                ('fix_perfect', Remove_100(target='target')),
                ('clean_names', Clean_Colum_Names()),
                ('feature_select', 'passthrough'), ('fix_multi', 'passthrough'),
                ('dfs', 'passthrough'), ('pca', 'passthrough')],
         verbose=False)
2021-02-19 01:48:22,495:INFO:setup() succesfully completed......................................
2021-02-19 01:48:30,522:INFO:Initializing compare_models()
2021-02-19 01:48:30,522:INFO:compare_models(include=None, fold=None, round=4, cross_validation=True, sort=R2, n_select=1, budget_time=None, turbo=True, errors=ignore, fit_kwargs=None, groups=None, verbose=True, display=None, exclude=['ransac'])
2021-02-19 01:48:30,523:INFO:Checking exceptions
2021-02-19 01:48:30,523:INFO:Preparing display monitor
2021-02-19 01:48:30,523:INFO:Preparing display monitor
2021-02-19 01:48:30,550:INFO:Initializing Linear Regression
2021-02-19 01:48:30,550:INFO:Total runtime is 3.45309575398763e-06 minutes
2021-02-19 01:48:30,559:INFO:SubProcess create_model() called ==================================
2021-02-19 01:48:30,560:INFO:Initializing create_model()
2021-02-19 01:48:30,560:INFO:create_model(estimator=lr, fold=KFold(n_splits=10, random_state=123, shuffle=False), round=4, cross_validation=True, predict=True, fit_kwargs={}, groups=None, refit=False, verbose=False, system=False, metrics=None, display=<pycaret.internal.Display.Display object at 0x7fafa1fd2bd0>, kwargs={})
2021-02-19 01:48:30,560:INFO:Checking exceptions
2021-02-19 01:48:30,560:INFO:Importing libraries
2021-02-19 01:48:30,560:INFO:Copying training dataset
2021-02-19 01:48:30,561:INFO:Defining folds
2021-02-19 01:48:30,562:INFO:Declaring metric variables
2021-02-19 01:48:30,571:INFO:Importing untrained model
2021-02-19 01:48:30,580:INFO:Linear Regression Imported succesfully
2021-02-19 01:48:30,603:INFO:Starting cross validation
2021-02-19 01:48:30,610:INFO:Cross validating with KFold(n_splits=10, random_state=123, shuffle=False), n_jobs=-1
2021-02-19 01:48:34,703:INFO:Calculating mean and std
2021-02-19 01:48:34,705:INFO:Creating metrics dataframe
2021-02-19 01:48:34,710:INFO:Uploading results into container
2021-02-19 01:48:34,710:INFO:Uploading model into container now
2021-02-19 01:48:34,710:INFO:create_model_container: 1
2021-02-19 01:48:34,710:INFO:master_model_container: 1
2021-02-19 01:48:34,711:INFO:display_container: 2
2021-02-19 01:48:34,711:INFO:LinearRegression(copy_X=True, fit_intercept=True, n_jobs=-1, normalize=False)
2021-02-19 01:48:34,711:INFO:create_model() succesfully completed......................................
2021-02-19 01:48:34,799:INFO:SubProcess create_model() end ==================================
2021-02-19 01:48:34,799:INFO:Creating metrics dataframe
2021-02-19 01:48:34,815:INFO:Initializing Lasso Regression
2021-02-19 01:48:34,815:INFO:Total runtime is 0.07108965317408245 minutes
2021-02-19 01:48:34,825:INFO:SubProcess create_model() called ==================================
2021-02-19 01:48:34,825:INFO:Initializing create_model()
2021-02-19 01:48:34,825:INFO:create_model(estimator=lasso, fold=KFold(n_splits=10, random_state=123, shuffle=False), round=4, cross_validation=True, predict=True, fit_kwargs={}, groups=None, refit=False, verbose=False, system=False, metrics=None, display=<pycaret.internal.Display.Display object at 0x7fafa1fd2bd0>, kwargs={})
2021-02-19 01:48:34,825:INFO:Checking exceptions
2021-02-19 01:48:34,825:INFO:Importing libraries
2021-02-19 01:48:34,826:INFO:Copying training dataset
2021-02-19 01:48:34,827:INFO:Defining folds
2021-02-19 01:48:34,827:INFO:Declaring metric variables
2021-02-19 01:48:34,837:INFO:Importing untrained model
2021-02-19 01:48:34,847:INFO:Lasso Regression Imported succesfully
2021-02-19 01:48:34,869:INFO:Starting cross validation
2021-02-19 01:48:34,870:INFO:Cross validating with KFold(n_splits=10, random_state=123, shuffle=False), n_jobs=-1
2021-02-19 01:48:34,933:INFO:Calculating mean and std
2021-02-19 01:48:34,934:INFO:Creating metrics dataframe
2021-02-19 01:48:34,938:INFO:Uploading results into container
2021-02-19 01:48:34,939:INFO:Uploading model into container now
2021-02-19 01:48:34,939:INFO:create_model_container: 2
2021-02-19 01:48:34,939:INFO:master_model_container: 2
2021-02-19 01:48:34,939:INFO:display_container: 2
2021-02-19 01:48:34,939:INFO:Lasso(alpha=1.0, copy_X=True, fit_intercept=True, max_iter=1000,
      normalize=False, positive=False, precompute=False, random_state=123,
      selection='cyclic', tol=0.0001, warm_start=False)
2021-02-19 01:48:34,939:INFO:create_model() succesfully completed......................................
2021-02-19 01:48:35,011:INFO:SubProcess create_model() end ==================================
2021-02-19 01:48:35,012:INFO:Creating metrics dataframe
2021-02-19 01:48:35,030:INFO:Initializing Ridge Regression
2021-02-19 01:48:35,030:INFO:Total runtime is 0.0746673862139384 minutes
2021-02-19 01:48:35,039:INFO:SubProcess create_model() called ==================================
2021-02-19 01:48:35,039:INFO:Initializing create_model()
2021-02-19 01:48:35,039:INFO:create_model(estimator=ridge, fold=KFold(n_splits=10, random_state=123, shuffle=False), round=4, cross_validation=True, predict=True, fit_kwargs={}, groups=None, refit=False, verbose=False, system=False, metrics=None, display=<pycaret.internal.Display.Display object at 0x7fafa1fd2bd0>, kwargs={})
2021-02-19 01:48:35,039:INFO:Checking exceptions
2021-02-19 01:48:35,040:INFO:Importing libraries
2021-02-19 01:48:35,040:INFO:Copying training dataset
2021-02-19 01:48:35,040:INFO:Defining folds
2021-02-19 01:48:35,041:INFO:Declaring metric variables
2021-02-19 01:48:35,049:INFO:Importing untrained model
2021-02-19 01:48:35,059:INFO:Ridge Regression Imported succesfully
2021-02-19 01:48:35,077:INFO:Starting cross validation
2021-02-19 01:48:35,077:INFO:Cross validating with KFold(n_splits=10, random_state=123, shuffle=False), n_jobs=-1
2021-02-19 01:48:35,140:INFO:Calculating mean and std
2021-02-19 01:48:35,141:INFO:Creating metrics dataframe
2021-02-19 01:48:35,145:INFO:Uploading results into container
2021-02-19 01:48:35,146:INFO:Uploading model into container now
2021-02-19 01:48:35,146:INFO:create_model_container: 3
2021-02-19 01:48:35,146:INFO:master_model_container: 3
2021-02-19 01:48:35,146:INFO:display_container: 2
2021-02-19 01:48:35,146:INFO:Ridge(alpha=1.0, copy_X=True, fit_intercept=True, max_iter=None,
      normalize=False, random_state=123, solver='auto', tol=0.001)
2021-02-19 01:48:35,146:INFO:create_model() succesfully completed......................................
2021-02-19 01:48:35,220:INFO:SubProcess create_model() end ==================================
2021-02-19 01:48:35,220:INFO:Creating metrics dataframe
2021-02-19 01:48:35,238:INFO:Initializing Elastic Net
2021-02-19 01:48:35,238:INFO:Total runtime is 0.07813708384831747 minutes
2021-02-19 01:48:35,246:INFO:SubProcess create_model() called ==================================
2021-02-19 01:48:35,247:INFO:Initializing create_model()
2021-02-19 01:48:35,247:INFO:create_model(estimator=en, fold=KFold(n_splits=10, random_state=123, shuffle=False), round=4, cross_validation=True, predict=True, fit_kwargs={}, groups=None, refit=False, verbose=False, system=False, metrics=None, display=<pycaret.internal.Display.Display object at 0x7fafa1fd2bd0>, kwargs={})
2021-02-19 01:48:35,247:INFO:Checking exceptions
2021-02-19 01:48:35,247:INFO:Importing libraries
2021-02-19 01:48:35,247:INFO:Copying training dataset
2021-02-19 01:48:35,248:INFO:Defining folds
2021-02-19 01:48:35,248:INFO:Declaring metric variables
2021-02-19 01:48:35,257:INFO:Importing untrained model
2021-02-19 01:48:35,266:INFO:Elastic Net Imported succesfully
2021-02-19 01:48:35,282:INFO:Starting cross validation
2021-02-19 01:48:35,283:INFO:Cross validating with KFold(n_splits=10, random_state=123, shuffle=False), n_jobs=-1
2021-02-19 01:48:35,349:INFO:Calculating mean and std
2021-02-19 01:48:35,350:INFO:Creating metrics dataframe
2021-02-19 01:48:35,354:INFO:Uploading results into container
2021-02-19 01:48:35,355:INFO:Uploading model into container now
2021-02-19 01:48:35,355:INFO:create_model_container: 4
2021-02-19 01:48:35,355:INFO:master_model_container: 4
2021-02-19 01:48:35,355:INFO:display_container: 2
2021-02-19 01:48:35,355:INFO:ElasticNet(alpha=1.0, copy_X=True, fit_intercept=True, l1_ratio=0.5,
           max_iter=1000, normalize=False, positive=False, precompute=False,
           random_state=123, selection='cyclic', tol=0.0001, warm_start=False)
2021-02-19 01:48:35,355:INFO:create_model() succesfully completed......................................
2021-02-19 01:48:35,424:INFO:SubProcess create_model() end ==================================
2021-02-19 01:48:35,424:INFO:Creating metrics dataframe
2021-02-19 01:48:35,441:INFO:Initializing Least Angle Regression
2021-02-19 01:48:35,441:INFO:Total runtime is 0.08151986996332805 minutes
2021-02-19 01:48:35,450:INFO:SubProcess create_model() called ==================================
2021-02-19 01:48:35,450:INFO:Initializing create_model()
2021-02-19 01:48:35,450:INFO:create_model(estimator=lar, fold=KFold(n_splits=10, random_state=123, shuffle=False), round=4, cross_validation=True, predict=True, fit_kwargs={}, groups=None, refit=False, verbose=False, system=False, metrics=None, display=<pycaret.internal.Display.Display object at 0x7fafa1fd2bd0>, kwargs={})
2021-02-19 01:48:35,450:INFO:Checking exceptions
2021-02-19 01:48:35,450:INFO:Importing libraries
2021-02-19 01:48:35,450:INFO:Copying training dataset
2021-02-19 01:48:35,451:INFO:Defining folds
2021-02-19 01:48:35,451:INFO:Declaring metric variables
2021-02-19 01:48:35,461:INFO:Importing untrained model
2021-02-19 01:48:35,469:INFO:Least Angle Regression Imported succesfully
2021-02-19 01:48:35,487:INFO:Starting cross validation
2021-02-19 01:48:35,487:INFO:Cross validating with KFold(n_splits=10, random_state=123, shuffle=False), n_jobs=-1
2021-02-19 01:48:35,554:INFO:Calculating mean and std
2021-02-19 01:48:35,555:INFO:Creating metrics dataframe
2021-02-19 01:48:35,559:INFO:Uploading results into container
2021-02-19 01:48:35,559:INFO:Uploading model into container now
2021-02-19 01:48:35,560:INFO:create_model_container: 5
2021-02-19 01:48:35,560:INFO:master_model_container: 5
2021-02-19 01:48:35,560:INFO:display_container: 2
2021-02-19 01:48:35,560:INFO:Lars(copy_X=True, eps=2.220446049250313e-16, fit_intercept=True, fit_path=True,
     jitter=None, n_nonzero_coefs=500, normalize=True, precompute='auto',
     random_state=123, verbose=False)
2021-02-19 01:48:35,560:INFO:create_model() succesfully completed......................................
2021-02-19 01:48:35,626:INFO:SubProcess create_model() end ==================================
2021-02-19 01:48:35,626:INFO:Creating metrics dataframe
2021-02-19 01:48:35,643:INFO:Initializing Lasso Least Angle Regression
2021-02-19 01:48:35,644:INFO:Total runtime is 0.08489091793696087 minutes
2021-02-19 01:48:35,653:INFO:SubProcess create_model() called ==================================
2021-02-19 01:48:35,653:INFO:Initializing create_model()
2021-02-19 01:48:35,653:INFO:create_model(estimator=llar, fold=KFold(n_splits=10, random_state=123, shuffle=False), round=4, cross_validation=True, predict=True, fit_kwargs={}, groups=None, refit=False, verbose=False, system=False, metrics=None, display=<pycaret.internal.Display.Display object at 0x7fafa1fd2bd0>, kwargs={})
2021-02-19 01:48:35,653:INFO:Checking exceptions
2021-02-19 01:48:35,653:INFO:Importing libraries
2021-02-19 01:48:35,653:INFO:Copying training dataset
2021-02-19 01:48:35,654:INFO:Defining folds
2021-02-19 01:48:35,654:INFO:Declaring metric variables
2021-02-19 01:48:35,673:INFO:Importing untrained model
2021-02-19 01:48:35,683:INFO:Lasso Least Angle Regression Imported succesfully
2021-02-19 01:48:35,699:INFO:Starting cross validation
2021-02-19 01:48:35,700:INFO:Cross validating with KFold(n_splits=10, random_state=123, shuffle=False), n_jobs=-1
2021-02-19 01:48:35,764:INFO:Calculating mean and std
2021-02-19 01:48:35,765:INFO:Creating metrics dataframe
2021-02-19 01:48:35,769:INFO:Uploading results into container
2021-02-19 01:48:35,769:INFO:Uploading model into container now
2021-02-19 01:48:35,769:INFO:create_model_container: 6
2021-02-19 01:48:35,770:INFO:master_model_container: 6
2021-02-19 01:48:35,770:INFO:display_container: 2
2021-02-19 01:48:35,770:INFO:LassoLars(alpha=1.0, copy_X=True, eps=2.220446049250313e-16, fit_intercept=True,
          fit_path=True, jitter=None, max_iter=500, normalize=True,
          positive=False, precompute='auto', random_state=123, verbose=False)
2021-02-19 01:48:35,770:INFO:create_model() succesfully completed......................................
2021-02-19 01:48:35,840:INFO:SubProcess create_model() end ==================================
2021-02-19 01:48:35,840:INFO:Creating metrics dataframe
2021-02-19 01:48:35,858:INFO:Initializing Orthogonal Matching Pursuit
2021-02-19 01:48:35,859:INFO:Total runtime is 0.08847830295562745 minutes
2021-02-19 01:48:35,868:INFO:SubProcess create_model() called ==================================
2021-02-19 01:48:35,868:INFO:Initializing create_model()
2021-02-19 01:48:35,868:INFO:create_model(estimator=omp, fold=KFold(n_splits=10, random_state=123, shuffle=False), round=4, cross_validation=True, predict=True, fit_kwargs={}, groups=None, refit=False, verbose=False, system=False, metrics=None, display=<pycaret.internal.Display.Display object at 0x7fafa1fd2bd0>, kwargs={})
2021-02-19 01:48:35,868:INFO:Checking exceptions
2021-02-19 01:48:35,868:INFO:Importing libraries
2021-02-19 01:48:35,868:INFO:Copying training dataset
2021-02-19 01:48:35,869:INFO:Defining folds
2021-02-19 01:48:35,869:INFO:Declaring metric variables
2021-02-19 01:48:35,878:INFO:Importing untrained model
2021-02-19 01:48:35,887:INFO:Orthogonal Matching Pursuit Imported succesfully
2021-02-19 01:48:35,905:INFO:Starting cross validation
2021-02-19 01:48:35,906:INFO:Cross validating with KFold(n_splits=10, random_state=123, shuffle=False), n_jobs=-1
2021-02-19 01:48:35,966:INFO:Calculating mean and std
2021-02-19 01:48:35,967:INFO:Creating metrics dataframe
2021-02-19 01:48:35,972:INFO:Uploading results into container
2021-02-19 01:48:35,972:INFO:Uploading model into container now
2021-02-19 01:48:35,972:INFO:create_model_container: 7
2021-02-19 01:48:35,972:INFO:master_model_container: 7
2021-02-19 01:48:35,972:INFO:display_container: 2
2021-02-19 01:48:35,973:INFO:OrthogonalMatchingPursuit(fit_intercept=True, n_nonzero_coefs=None,
                          normalize=True, precompute='auto', tol=None)
2021-02-19 01:48:35,973:INFO:create_model() succesfully completed......................................
2021-02-19 01:48:36,033:INFO:SubProcess create_model() end ==================================
2021-02-19 01:48:36,034:INFO:Creating metrics dataframe
2021-02-19 01:48:36,053:INFO:Initializing Bayesian Ridge
2021-02-19 01:48:36,054:INFO:Total runtime is 0.09172676801681519 minutes
2021-02-19 01:48:36,063:INFO:SubProcess create_model() called ==================================
2021-02-19 01:48:36,063:INFO:Initializing create_model()
2021-02-19 01:48:36,063:INFO:create_model(estimator=br, fold=KFold(n_splits=10, random_state=123, shuffle=False), round=4, cross_validation=True, predict=True, fit_kwargs={}, groups=None, refit=False, verbose=False, system=False, metrics=None, display=<pycaret.internal.Display.Display object at 0x7fafa1fd2bd0>, kwargs={})
2021-02-19 01:48:36,064:INFO:Checking exceptions
2021-02-19 01:48:36,064:INFO:Importing libraries
2021-02-19 01:48:36,064:INFO:Copying training dataset
2021-02-19 01:48:36,064:INFO:Defining folds
2021-02-19 01:48:36,065:INFO:Declaring metric variables
2021-02-19 01:48:36,072:INFO:Importing untrained model
2021-02-19 01:48:36,082:INFO:Bayesian Ridge Imported succesfully
2021-02-19 01:48:36,101:INFO:Starting cross validation
2021-02-19 01:48:36,101:INFO:Cross validating with KFold(n_splits=10, random_state=123, shuffle=False), n_jobs=-1
2021-02-19 01:48:36,169:INFO:Calculating mean and std
2021-02-19 01:48:36,170:INFO:Creating metrics dataframe
2021-02-19 01:48:36,174:INFO:Uploading results into container
2021-02-19 01:48:36,174:INFO:Uploading model into container now
2021-02-19 01:48:36,174:INFO:create_model_container: 8
2021-02-19 01:48:36,174:INFO:master_model_container: 8
2021-02-19 01:48:36,174:INFO:display_container: 2
2021-02-19 01:48:36,175:INFO:BayesianRidge(alpha_1=1e-06, alpha_2=1e-06, alpha_init=None,
              compute_score=False, copy_X=True, fit_intercept=True,
              lambda_1=1e-06, lambda_2=1e-06, lambda_init=None, n_iter=300,
              normalize=False, tol=0.001, verbose=False)
2021-02-19 01:48:36,175:INFO:create_model() succesfully completed......................................
2021-02-19 01:48:36,244:INFO:SubProcess create_model() end ==================================
2021-02-19 01:48:36,245:INFO:Creating metrics dataframe
2021-02-19 01:48:36,264:INFO:Initializing Passive Aggressive Regressor
2021-02-19 01:48:36,264:INFO:Total runtime is 0.09523096879323324 minutes
2021-02-19 01:48:36,273:INFO:SubProcess create_model() called ==================================
2021-02-19 01:48:36,273:INFO:Initializing create_model()
2021-02-19 01:48:36,273:INFO:create_model(estimator=par, fold=KFold(n_splits=10, random_state=123, shuffle=False), round=4, cross_validation=True, predict=True, fit_kwargs={}, groups=None, refit=False, verbose=False, system=False, metrics=None, display=<pycaret.internal.Display.Display object at 0x7fafa1fd2bd0>, kwargs={})
2021-02-19 01:48:36,273:INFO:Checking exceptions
2021-02-19 01:48:36,273:INFO:Importing libraries
2021-02-19 01:48:36,273:INFO:Copying training dataset
2021-02-19 01:48:36,274:INFO:Defining folds
2021-02-19 01:48:36,274:INFO:Declaring metric variables
2021-02-19 01:48:36,282:INFO:Importing untrained model
2021-02-19 01:48:36,291:INFO:Passive Aggressive Regressor Imported succesfully
2021-02-19 01:48:36,309:INFO:Starting cross validation
2021-02-19 01:48:36,309:INFO:Cross validating with KFold(n_splits=10, random_state=123, shuffle=False), n_jobs=-1
2021-02-19 01:48:36,375:INFO:Calculating mean and std
2021-02-19 01:48:36,376:INFO:Creating metrics dataframe
2021-02-19 01:48:36,380:INFO:Uploading results into container
2021-02-19 01:48:36,380:INFO:Uploading model into container now
2021-02-19 01:48:36,380:INFO:create_model_container: 9
2021-02-19 01:48:36,380:INFO:master_model_container: 9
2021-02-19 01:48:36,380:INFO:display_container: 2
2021-02-19 01:48:36,381:INFO:PassiveAggressiveRegressor(C=1.0, average=False, early_stopping=False,
                           epsilon=0.1, fit_intercept=True,
                           loss='epsilon_insensitive', max_iter=1000,
                           n_iter_no_change=5, random_state=123, shuffle=True,
                           tol=0.001, validation_fraction=0.1, verbose=0,
                           warm_start=False)
2021-02-19 01:48:36,381:INFO:create_model() succesfully completed......................................
2021-02-19 01:48:36,440:INFO:SubProcess create_model() end ==================================
2021-02-19 01:48:36,440:INFO:Creating metrics dataframe
2021-02-19 01:48:36,461:INFO:Initializing Huber Regressor
2021-02-19 01:48:36,461:INFO:Total runtime is 0.09851322174072266 minutes
2021-02-19 01:48:36,470:INFO:SubProcess create_model() called ==================================
2021-02-19 01:48:36,470:INFO:Initializing create_model()
2021-02-19 01:48:36,470:INFO:create_model(estimator=huber, fold=KFold(n_splits=10, random_state=123, shuffle=False), round=4, cross_validation=True, predict=True, fit_kwargs={}, groups=None, refit=False, verbose=False, system=False, metrics=None, display=<pycaret.internal.Display.Display object at 0x7fafa1fd2bd0>, kwargs={})
2021-02-19 01:48:36,470:INFO:Checking exceptions
2021-02-19 01:48:36,470:INFO:Importing libraries
2021-02-19 01:48:36,471:INFO:Copying training dataset
2021-02-19 01:48:36,471:INFO:Defining folds
2021-02-19 01:48:36,472:INFO:Declaring metric variables
2021-02-19 01:48:36,480:INFO:Importing untrained model
2021-02-19 01:48:36,489:INFO:Huber Regressor Imported succesfully
2021-02-19 01:48:36,506:INFO:Starting cross validation
2021-02-19 01:48:36,506:INFO:Cross validating with KFold(n_splits=10, random_state=123, shuffle=False), n_jobs=-1
2021-02-19 01:48:36,632:INFO:Calculating mean and std
2021-02-19 01:48:36,633:INFO:Creating metrics dataframe
2021-02-19 01:48:36,637:INFO:Uploading results into container
2021-02-19 01:48:36,637:INFO:Uploading model into container now
2021-02-19 01:48:36,637:INFO:create_model_container: 10
2021-02-19 01:48:36,637:INFO:master_model_container: 10
2021-02-19 01:48:36,637:INFO:display_container: 2
2021-02-19 01:48:36,637:INFO:HuberRegressor(alpha=0.0001, epsilon=1.35, fit_intercept=True, max_iter=100,
               tol=1e-05, warm_start=False)
2021-02-19 01:48:36,638:INFO:create_model() succesfully completed......................................
2021-02-19 01:48:36,706:INFO:SubProcess create_model() end ==================================
2021-02-19 01:48:36,706:INFO:Creating metrics dataframe
2021-02-19 01:48:36,728:INFO:Initializing K Neighbors Regressor
2021-02-19 01:48:36,728:INFO:Total runtime is 0.10297302007675171 minutes
2021-02-19 01:48:36,738:INFO:SubProcess create_model() called ==================================
2021-02-19 01:48:36,739:INFO:Initializing create_model()
2021-02-19 01:48:36,739:INFO:create_model(estimator=knn, fold=KFold(n_splits=10, random_state=123, shuffle=False), round=4, cross_validation=True, predict=True, fit_kwargs={}, groups=None, refit=False, verbose=False, system=False, metrics=None, display=<pycaret.internal.Display.Display object at 0x7fafa1fd2bd0>, kwargs={})
2021-02-19 01:48:36,739:INFO:Checking exceptions
2021-02-19 01:48:36,739:INFO:Importing libraries
2021-02-19 01:48:36,739:INFO:Copying training dataset
2021-02-19 01:48:36,740:INFO:Defining folds
2021-02-19 01:48:36,740:INFO:Declaring metric variables
2021-02-19 01:48:36,748:INFO:Importing untrained model
2021-02-19 01:48:36,757:INFO:K Neighbors Regressor Imported succesfully
2021-02-19 01:48:36,774:INFO:Starting cross validation
2021-02-19 01:48:36,775:INFO:Cross validating with KFold(n_splits=10, random_state=123, shuffle=False), n_jobs=-1
2021-02-19 01:48:37,020:INFO:Calculating mean and std
2021-02-19 01:48:37,021:INFO:Creating metrics dataframe
2021-02-19 01:48:37,027:INFO:Uploading results into container
2021-02-19 01:48:37,027:INFO:Uploading model into container now
2021-02-19 01:48:37,027:INFO:create_model_container: 11
2021-02-19 01:48:37,027:INFO:master_model_container: 11
2021-02-19 01:48:37,027:INFO:display_container: 2
2021-02-19 01:48:37,027:INFO:KNeighborsRegressor(algorithm='auto', leaf_size=30, metric='minkowski',
                    metric_params=None, n_jobs=-1, n_neighbors=5, p=2,
                    weights='uniform')
2021-02-19 01:48:37,027:INFO:create_model() succesfully completed......................................
2021-02-19 01:48:37,096:INFO:SubProcess create_model() end ==================================
2021-02-19 01:48:37,096:INFO:Creating metrics dataframe
2021-02-19 01:48:37,117:INFO:Initializing Decision Tree Regressor
2021-02-19 01:48:37,117:INFO:Total runtime is 0.10945473909378052 minutes
2021-02-19 01:48:37,126:INFO:SubProcess create_model() called ==================================
2021-02-19 01:48:37,126:INFO:Initializing create_model()
2021-02-19 01:48:37,126:INFO:create_model(estimator=dt, fold=KFold(n_splits=10, random_state=123, shuffle=False), round=4, cross_validation=True, predict=True, fit_kwargs={}, groups=None, refit=False, verbose=False, system=False, metrics=None, display=<pycaret.internal.Display.Display object at 0x7fafa1fd2bd0>, kwargs={})
2021-02-19 01:48:37,126:INFO:Checking exceptions
2021-02-19 01:48:37,127:INFO:Importing libraries
2021-02-19 01:48:37,127:INFO:Copying training dataset
2021-02-19 01:48:37,127:INFO:Defining folds
2021-02-19 01:48:37,128:INFO:Declaring metric variables
2021-02-19 01:48:37,137:INFO:Importing untrained model
2021-02-19 01:48:37,146:INFO:Decision Tree Regressor Imported succesfully
2021-02-19 01:48:37,163:INFO:Starting cross validation
2021-02-19 01:48:37,163:INFO:Cross validating with KFold(n_splits=10, random_state=123, shuffle=False), n_jobs=-1
2021-02-19 01:48:37,226:INFO:Calculating mean and std
2021-02-19 01:48:37,227:INFO:Creating metrics dataframe
2021-02-19 01:48:37,231:INFO:Uploading results into container
2021-02-19 01:48:37,232:INFO:Uploading model into container now
2021-02-19 01:48:37,232:INFO:create_model_container: 12
2021-02-19 01:48:37,232:INFO:master_model_container: 12
2021-02-19 01:48:37,232:INFO:display_container: 2
2021-02-19 01:48:37,232:INFO:DecisionTreeRegressor(ccp_alpha=0.0, criterion='mse', max_depth=None,
                      max_features=None, max_leaf_nodes=None,
                      min_impurity_decrease=0.0, min_impurity_split=None,
                      min_samples_leaf=1, min_samples_split=2,
                      min_weight_fraction_leaf=0.0, presort='deprecated',
                      random_state=123, splitter='best')
2021-02-19 01:48:37,232:INFO:create_model() succesfully completed......................................
2021-02-19 01:48:37,301:INFO:SubProcess create_model() end ==================================
2021-02-19 01:48:37,301:INFO:Creating metrics dataframe
2021-02-19 01:48:37,321:INFO:Initializing Random Forest Regressor
2021-02-19 01:48:37,321:INFO:Total runtime is 0.11285125414530436 minutes
2021-02-19 01:48:37,330:INFO:SubProcess create_model() called ==================================
2021-02-19 01:48:37,330:INFO:Initializing create_model()
2021-02-19 01:48:37,330:INFO:create_model(estimator=rf, fold=KFold(n_splits=10, random_state=123, shuffle=False), round=4, cross_validation=True, predict=True, fit_kwargs={}, groups=None, refit=False, verbose=False, system=False, metrics=None, display=<pycaret.internal.Display.Display object at 0x7fafa1fd2bd0>, kwargs={})
2021-02-19 01:48:37,330:INFO:Checking exceptions
2021-02-19 01:48:37,331:INFO:Importing libraries
2021-02-19 01:48:37,331:INFO:Copying training dataset
2021-02-19 01:48:37,332:INFO:Defining folds
2021-02-19 01:48:37,332:INFO:Declaring metric variables
2021-02-19 01:48:37,341:INFO:Importing untrained model
2021-02-19 01:48:37,352:INFO:Random Forest Regressor Imported succesfully
2021-02-19 01:48:37,369:INFO:Starting cross validation
2021-02-19 01:48:37,369:INFO:Cross validating with KFold(n_splits=10, random_state=123, shuffle=False), n_jobs=-1
2021-02-19 01:48:39,094:INFO:Calculating mean and std
2021-02-19 01:48:39,095:INFO:Creating metrics dataframe
2021-02-19 01:48:39,100:INFO:Uploading results into container
2021-02-19 01:48:39,100:INFO:Uploading model into container now
2021-02-19 01:48:39,100:INFO:create_model_container: 13
2021-02-19 01:48:39,100:INFO:master_model_container: 13
2021-02-19 01:48:39,100:INFO:display_container: 2
2021-02-19 01:48:39,101:INFO:RandomForestRegressor(bootstrap=True, ccp_alpha=0.0, criterion='mse',
                      max_depth=None, max_features='auto', max_leaf_nodes=None,
                      max_samples=None, min_impurity_decrease=0.0,
                      min_impurity_split=None, min_samples_leaf=1,
                      min_samples_split=2, min_weight_fraction_leaf=0.0,
                      n_estimators=100, n_jobs=-1, oob_score=False,
                      random_state=123, verbose=0, warm_start=False)
2021-02-19 01:48:39,101:INFO:create_model() succesfully completed......................................
2021-02-19 01:48:39,171:INFO:SubProcess create_model() end ==================================
2021-02-19 01:48:39,171:INFO:Creating metrics dataframe
2021-02-19 01:48:39,194:INFO:Initializing Extra Trees Regressor
2021-02-19 01:48:39,194:INFO:Total runtime is 0.1440738002459208 minutes
2021-02-19 01:48:39,204:INFO:SubProcess create_model() called ==================================
2021-02-19 01:48:39,204:INFO:Initializing create_model()
2021-02-19 01:48:39,204:INFO:create_model(estimator=et, fold=KFold(n_splits=10, random_state=123, shuffle=False), round=4, cross_validation=True, predict=True, fit_kwargs={}, groups=None, refit=False, verbose=False, system=False, metrics=None, display=<pycaret.internal.Display.Display object at 0x7fafa1fd2bd0>, kwargs={})
2021-02-19 01:48:39,205:INFO:Checking exceptions
2021-02-19 01:48:39,205:INFO:Importing libraries
2021-02-19 01:48:39,205:INFO:Copying training dataset
2021-02-19 01:48:39,206:INFO:Defining folds
2021-02-19 01:48:39,206:INFO:Declaring metric variables
2021-02-19 01:48:39,214:INFO:Importing untrained model
2021-02-19 01:48:39,224:INFO:Extra Trees Regressor Imported succesfully
2021-02-19 01:48:39,242:INFO:Starting cross validation
2021-02-19 01:48:39,243:INFO:Cross validating with KFold(n_splits=10, random_state=123, shuffle=False), n_jobs=-1
2021-02-19 01:48:40,740:INFO:Calculating mean and std
2021-02-19 01:48:40,741:INFO:Creating metrics dataframe
2021-02-19 01:48:40,746:INFO:Uploading results into container
2021-02-19 01:48:40,746:INFO:Uploading model into container now
2021-02-19 01:48:40,746:INFO:create_model_container: 14
2021-02-19 01:48:40,746:INFO:master_model_container: 14
2021-02-19 01:48:40,746:INFO:display_container: 2
2021-02-19 01:48:40,747:INFO:ExtraTreesRegressor(bootstrap=False, ccp_alpha=0.0, criterion='mse',
                    max_depth=None, max_features='auto', max_leaf_nodes=None,
                    max_samples=None, min_impurity_decrease=0.0,
                    min_impurity_split=None, min_samples_leaf=1,
                    min_samples_split=2, min_weight_fraction_leaf=0.0,
                    n_estimators=100, n_jobs=-1, oob_score=False,
                    random_state=123, verbose=0, warm_start=False)
2021-02-19 01:48:40,747:INFO:create_model() succesfully completed......................................
2021-02-19 01:48:40,818:INFO:SubProcess create_model() end ==================================
2021-02-19 01:48:40,818:INFO:Creating metrics dataframe
2021-02-19 01:48:40,840:INFO:Initializing AdaBoost Regressor
2021-02-19 01:48:40,840:INFO:Total runtime is 0.1714970032374064 minutes
2021-02-19 01:48:40,849:INFO:SubProcess create_model() called ==================================
2021-02-19 01:48:40,849:INFO:Initializing create_model()
2021-02-19 01:48:40,849:INFO:create_model(estimator=ada, fold=KFold(n_splits=10, random_state=123, shuffle=False), round=4, cross_validation=True, predict=True, fit_kwargs={}, groups=None, refit=False, verbose=False, system=False, metrics=None, display=<pycaret.internal.Display.Display object at 0x7fafa1fd2bd0>, kwargs={})
2021-02-19 01:48:40,850:INFO:Checking exceptions
2021-02-19 01:48:40,850:INFO:Importing libraries
2021-02-19 01:48:40,850:INFO:Copying training dataset
2021-02-19 01:48:40,851:INFO:Defining folds
2021-02-19 01:48:40,851:INFO:Declaring metric variables
2021-02-19 01:48:40,860:INFO:Importing untrained model
2021-02-19 01:48:40,870:INFO:AdaBoost Regressor Imported succesfully
2021-02-19 01:48:40,889:INFO:Starting cross validation
2021-02-19 01:48:40,890:INFO:Cross validating with KFold(n_splits=10, random_state=123, shuffle=False), n_jobs=-1
2021-02-19 01:48:41,158:INFO:Calculating mean and std
2021-02-19 01:48:41,159:INFO:Creating metrics dataframe
2021-02-19 01:48:41,163:INFO:Uploading results into container
2021-02-19 01:48:41,163:INFO:Uploading model into container now
2021-02-19 01:48:41,163:INFO:create_model_container: 15
2021-02-19 01:48:41,164:INFO:master_model_container: 15
2021-02-19 01:48:41,164:INFO:display_container: 2
2021-02-19 01:48:41,164:INFO:AdaBoostRegressor(base_estimator=None, learning_rate=1.0, loss='linear',
                  n_estimators=50, random_state=123)
2021-02-19 01:48:41,164:INFO:create_model() succesfully completed......................................
2021-02-19 01:48:41,228:INFO:SubProcess create_model() end ==================================
2021-02-19 01:48:41,228:INFO:Creating metrics dataframe
2021-02-19 01:48:41,250:INFO:Initializing Gradient Boosting Regressor
2021-02-19 01:48:41,250:INFO:Total runtime is 0.17833765347798666 minutes
2021-02-19 01:48:41,259:INFO:SubProcess create_model() called ==================================
2021-02-19 01:48:41,259:INFO:Initializing create_model()
2021-02-19 01:48:41,259:INFO:create_model(estimator=gbr, fold=KFold(n_splits=10, random_state=123, shuffle=False), round=4, cross_validation=True, predict=True, fit_kwargs={}, groups=None, refit=False, verbose=False, system=False, metrics=None, display=<pycaret.internal.Display.Display object at 0x7fafa1fd2bd0>, kwargs={})
2021-02-19 01:48:41,259:INFO:Checking exceptions
2021-02-19 01:48:41,259:INFO:Importing libraries
2021-02-19 01:48:41,260:INFO:Copying training dataset
2021-02-19 01:48:41,260:INFO:Defining folds
2021-02-19 01:48:41,260:INFO:Declaring metric variables
2021-02-19 01:48:41,270:INFO:Importing untrained model
2021-02-19 01:48:41,279:INFO:Gradient Boosting Regressor Imported succesfully
2021-02-19 01:48:41,297:INFO:Starting cross validation
2021-02-19 01:48:41,298:INFO:Cross validating with KFold(n_splits=10, random_state=123, shuffle=False), n_jobs=-1
2021-02-19 01:48:41,506:INFO:Calculating mean and std
2021-02-19 01:48:41,507:INFO:Creating metrics dataframe
2021-02-19 01:48:41,511:INFO:Uploading results into container
2021-02-19 01:48:41,511:INFO:Uploading model into container now
2021-02-19 01:48:41,511:INFO:create_model_container: 16
2021-02-19 01:48:41,511:INFO:master_model_container: 16
2021-02-19 01:48:41,511:INFO:display_container: 2
2021-02-19 01:48:41,512:INFO:GradientBoostingRegressor(alpha=0.9, ccp_alpha=0.0, criterion='friedman_mse',
                          init=None, learning_rate=0.1, loss='ls', max_depth=3,
                          max_features=None, max_leaf_nodes=None,
                          min_impurity_decrease=0.0, min_impurity_split=None,
                          min_samples_leaf=1, min_samples_split=2,
                          min_weight_fraction_leaf=0.0, n_estimators=100,
                          n_iter_no_change=None, presort='deprecated',
                          random_state=123, subsample=1.0, tol=0.0001,
                          validation_fraction=0.1, verbose=0, warm_start=False)
2021-02-19 01:48:41,512:INFO:create_model() succesfully completed......................................
2021-02-19 01:48:41,584:INFO:SubProcess create_model() end ==================================
2021-02-19 01:48:41,584:INFO:Creating metrics dataframe
2021-02-19 01:48:41,607:INFO:Initializing Extreme Gradient Boosting
2021-02-19 01:48:41,607:INFO:Total runtime is 0.18428475459416707 minutes
2021-02-19 01:48:41,617:INFO:SubProcess create_model() called ==================================
2021-02-19 01:48:41,617:INFO:Initializing create_model()
2021-02-19 01:48:41,617:INFO:create_model(estimator=xgboost, fold=KFold(n_splits=10, random_state=123, shuffle=False), round=4, cross_validation=True, predict=True, fit_kwargs={}, groups=None, refit=False, verbose=False, system=False, metrics=None, display=<pycaret.internal.Display.Display object at 0x7fafa1fd2bd0>, kwargs={})
2021-02-19 01:48:41,617:INFO:Checking exceptions
2021-02-19 01:48:41,617:INFO:Importing libraries
2021-02-19 01:48:41,618:INFO:Copying training dataset
2021-02-19 01:48:41,618:INFO:Defining folds
2021-02-19 01:48:41,618:INFO:Declaring metric variables
2021-02-19 01:48:41,643:INFO:Importing untrained model
2021-02-19 01:48:41,658:INFO:Extreme Gradient Boosting Imported succesfully
2021-02-19 01:48:41,677:INFO:Starting cross validation
2021-02-19 01:48:41,680:INFO:Cross validating with KFold(n_splits=10, random_state=123, shuffle=False), n_jobs=-1
2021-02-19 01:48:44,531:INFO:Calculating mean and std
2021-02-19 01:48:44,532:INFO:Creating metrics dataframe
2021-02-19 01:48:44,539:INFO:Uploading results into container
2021-02-19 01:48:44,539:INFO:Uploading model into container now
2021-02-19 01:48:44,539:INFO:create_model_container: 17
2021-02-19 01:48:44,539:INFO:master_model_container: 17
2021-02-19 01:48:44,539:INFO:display_container: 2
2021-02-19 01:48:44,540:INFO:XGBRegressor(base_score=None, booster='gbtree', colsample_bylevel=None,
             colsample_bynode=None, colsample_bytree=None, gamma=None,
             gpu_id=None, importance_type='gain', interaction_constraints=None,
             learning_rate=None, max_delta_step=None, max_depth=None,
             min_child_weight=None, missing=nan, monotone_constraints=None,
             n_estimators=100, n_jobs=-1, num_parallel_tree=None,
             objective='reg:squarederror', random_state=123, reg_alpha=None,
             reg_lambda=None, scale_pos_weight=None, subsample=None,
             tree_method='auto', validate_parameters=None, verbosity=0)
2021-02-19 01:48:44,541:INFO:create_model() succesfully completed......................................
2021-02-19 01:48:44,628:INFO:SubProcess create_model() end ==================================
2021-02-19 01:48:44,629:INFO:Creating metrics dataframe
2021-02-19 01:48:44,666:INFO:Initializing Light Gradient Boosting Machine
2021-02-19 01:48:44,666:INFO:Total runtime is 0.23526375293731688 minutes
2021-02-19 01:48:44,679:INFO:SubProcess create_model() called ==================================
2021-02-19 01:48:44,680:INFO:Initializing create_model()
2021-02-19 01:48:44,680:INFO:create_model(estimator=lightgbm, fold=KFold(n_splits=10, random_state=123, shuffle=False), round=4, cross_validation=True, predict=True, fit_kwargs={}, groups=None, refit=False, verbose=False, system=False, metrics=None, display=<pycaret.internal.Display.Display object at 0x7fafa1fd2bd0>, kwargs={})
2021-02-19 01:48:44,680:INFO:Checking exceptions
2021-02-19 01:48:44,681:INFO:Importing libraries
2021-02-19 01:48:44,681:INFO:Copying training dataset
2021-02-19 01:48:44,682:INFO:Defining folds
2021-02-19 01:48:44,682:INFO:Declaring metric variables
2021-02-19 01:48:44,696:INFO:Importing untrained model
2021-02-19 01:48:44,710:INFO:Light Gradient Boosting Machine Imported succesfully
2021-02-19 01:48:44,736:INFO:Starting cross validation
2021-02-19 01:48:44,737:INFO:Cross validating with KFold(n_splits=10, random_state=123, shuffle=False), n_jobs=-1
2021-02-19 01:48:46,007:INFO:Calculating mean and std
2021-02-19 01:48:46,008:INFO:Creating metrics dataframe
2021-02-19 01:48:46,015:INFO:Uploading results into container
2021-02-19 01:48:46,015:INFO:Uploading model into container now
2021-02-19 01:48:46,015:INFO:create_model_container: 18
2021-02-19 01:48:46,016:INFO:master_model_container: 18
2021-02-19 01:48:46,016:INFO:display_container: 2
2021-02-19 01:48:46,016:INFO:LGBMRegressor(boosting_type='gbdt', class_weight=None, colsample_bytree=1.0,
              importance_type='split', learning_rate=0.1, max_depth=-1,
              min_child_samples=20, min_child_weight=0.001, min_split_gain=0.0,
              n_estimators=100, n_jobs=-1, num_leaves=31, objective=None,
              random_state=123, reg_alpha=0.0, reg_lambda=0.0, silent=True,
              subsample=1.0, subsample_for_bin=200000, subsample_freq=0)
2021-02-19 01:48:46,017:INFO:create_model() succesfully completed......................................
2021-02-19 01:48:46,109:INFO:SubProcess create_model() end ==================================
2021-02-19 01:48:46,110:INFO:Creating metrics dataframe
2021-02-19 01:48:46,147:INFO:Initializing CatBoost Regressor
2021-02-19 01:48:46,148:INFO:Total runtime is 0.25996005137761435 minutes
2021-02-19 01:48:46,161:INFO:SubProcess create_model() called ==================================
2021-02-19 01:48:46,162:INFO:Initializing create_model()
2021-02-19 01:48:46,162:INFO:create_model(estimator=catboost, fold=KFold(n_splits=10, random_state=123, shuffle=False), round=4, cross_validation=True, predict=True, fit_kwargs={}, groups=None, refit=False, verbose=False, system=False, metrics=None, display=<pycaret.internal.Display.Display object at 0x7fafa1fd2bd0>, kwargs={})
2021-02-19 01:48:46,162:INFO:Checking exceptions
2021-02-19 01:48:46,162:INFO:Importing libraries
2021-02-19 01:48:46,162:INFO:Copying training dataset
2021-02-19 01:48:46,164:INFO:Defining folds
2021-02-19 01:48:46,164:INFO:Declaring metric variables
2021-02-19 01:48:46,177:INFO:Importing untrained model
2021-02-19 01:48:46,193:INFO:CatBoost Regressor Imported succesfully
2021-02-19 01:48:46,214:INFO:Starting cross validation
2021-02-19 01:48:46,217:INFO:Cross validating with KFold(n_splits=10, random_state=123, shuffle=False), n_jobs=-1
2021-02-19 01:48:54,611:INFO:Calculating mean and std
2021-02-19 01:48:54,612:INFO:Creating metrics dataframe
2021-02-19 01:48:54,616:INFO:Uploading results into container
2021-02-19 01:48:54,616:INFO:Uploading model into container now
2021-02-19 01:48:54,616:INFO:create_model_container: 19
2021-02-19 01:48:54,616:INFO:master_model_container: 19
2021-02-19 01:48:54,616:INFO:display_container: 2
2021-02-19 01:48:54,616:INFO:<catboost.core.CatBoostRegressor object at 0x7fafa6f9b8d0>
2021-02-19 01:48:54,616:INFO:create_model() succesfully completed......................................
2021-02-19 01:48:54,688:INFO:SubProcess create_model() end ==================================
2021-02-19 01:48:54,689:INFO:Creating metrics dataframe
2021-02-19 01:48:54,739:INFO:Initializing create_model()
2021-02-19 01:48:54,739:INFO:create_model(estimator=BayesianRidge(alpha_1=1e-06, alpha_2=1e-06, alpha_init=None,
              compute_score=False, copy_X=True, fit_intercept=True,
              lambda_1=1e-06, lambda_2=1e-06, lambda_init=None, n_iter=300,
              normalize=False, tol=0.001, verbose=False), fold=KFold(n_splits=10, random_state=123, shuffle=False), round=4, cross_validation=False, predict=False, fit_kwargs={}, groups=None, refit=True, verbose=False, system=False, metrics=None, display=None, kwargs={})
2021-02-19 01:48:54,739:INFO:Checking exceptions
2021-02-19 01:48:54,739:INFO:Importing libraries
2021-02-19 01:48:54,740:INFO:Copying training dataset
2021-02-19 01:48:54,740:INFO:Defining folds
2021-02-19 01:48:54,741:INFO:Declaring metric variables
2021-02-19 01:48:54,741:INFO:Importing untrained model
2021-02-19 01:48:54,741:INFO:Declaring custom model
2021-02-19 01:48:54,742:INFO:Bayesian Ridge Imported succesfully
2021-02-19 01:48:54,743:INFO:Cross validation set to False
2021-02-19 01:48:54,743:INFO:Fitting Model
2021-02-19 01:48:54,859:INFO:BayesianRidge(alpha_1=1e-06, alpha_2=1e-06, alpha_init=None,
              compute_score=False, copy_X=True, fit_intercept=True,
              lambda_1=1e-06, lambda_2=1e-06, lambda_init=None, n_iter=300,
              normalize=False, tol=0.001, verbose=False)
2021-02-19 01:48:54,859:INFO:create_models() succesfully completed......................................
2021-02-19 01:48:55,021:INFO:create_model_container: 19
2021-02-19 01:48:55,021:INFO:master_model_container: 19
2021-02-19 01:48:55,021:INFO:display_container: 2
2021-02-19 01:48:55,022:INFO:BayesianRidge(alpha_1=1e-06, alpha_2=1e-06, alpha_init=None,
              compute_score=False, copy_X=True, fit_intercept=True,
              lambda_1=1e-06, lambda_2=1e-06, lambda_init=None, n_iter=300,
              normalize=False, tol=0.001, verbose=False)
2021-02-19 01:48:55,022:INFO:compare_models() succesfully completed......................................
